package org.lcb.samples.sample2;

public class Sample2Logic
{
    private final Sample1App app;

    public Sample2Logic(Sample1App app)
    {
        this.app = app;
    }

    public void start()
    {
        if(condition1) 
        {
        	if(condition2) 
        	{
        		if(condition3) 
        		{
        			statement2 
        		}
        		else
        		{
        			if(condition4) 
        			{
        				statement2 
        			}
        			else
        			{
        				if(condition5) 
        				{
        					if(condiont6) 
        					{
        						statement3
        						stup2();  
        					}
        					else
        					{
        						procedureSample(); 
        					}
        				}
        				else
        				{
        					procedureSample(); 
        				}
        			}
        		}
        	}
        	else
        	{
        		stup0(); 
        	}
        }
        else
        {
        	stup0(); 
        }
    }

    private void stup0()
    {
      statement1
      stup2();  
    }
    
    /*This method was created in the flow chart by the programmer*/
    private void procedureSample()
    {
      statement4 
    }
    
    private void stup2()
    {
      statement5
      statement6
      for(int i = 0 ; condiont7Loop; i++ )
      {
      	statement7 
      }
      statement8    
    }
}